<?xml version="1.0" encoding="UTF-8"?>
<!-- Generated by org.testng.reporters.JUnitReportReporter -->
<testsuite hostname="LAPTOP-FGNE6FOI" failures="0" tests="2" name="com.crm.qa.testcases.LoginPageTestCase" time="20.644" errors="0" timestamp="2021-10-17T16:58:36 IST" skipped="0">
  <testcase classname="com.crm.qa.testcases.LoginPageTestCase" name="validatePageTitle" time="6.334"/>
  <system-out/>
  <testcase classname="com.crm.qa.testcases.LoginPageTestCase" name="LoginTest" time="14.310"/>
  <system-out/>
</testsuite> <!-- com.crm.qa.testcases.LoginPageTestCase -->
