<?xml version="1.0" encoding="UTF-8"?>
<!-- Generated by org.testng.reporters.JUnitReportReporter -->
<testsuite hostname="LAPTOP-FGNE6FOI" failures="0" tests="2" name="com.crm.qa.testcases.LoginPageTestCase" time="36.048" errors="0" timestamp="2023-09-11T17:46:40 IST" skipped="0">
  <testcase classname="com.crm.qa.testcases.LoginPageTestCase" name="validatePageTitle" time="10.548"/>
  <system-out/>
  <testcase classname="com.crm.qa.testcases.LoginPageTestCase" name="LoginTest" time="25.500"/>
  <system-out/>
</testsuite> <!-- com.crm.qa.testcases.LoginPageTestCase -->
